=== Small Math Model (Content-Gated) ===
Network: 12 -> 64 -> 12
Training steps: 50000   LR: 0.005
Gate freeze until: 3000   Confidence start: 0.9 (floor 0.75)

--- Testing Model ---
1 -> ? = 11 (expected 2) ✗ conf:0.000 finger:True
3 -> ? = 11 (expected 4) ✗ conf:0.000 finger:True
5 -> ? = 11 (expected 6) ✗ conf:0.000 finger:True
2 -> 3 = 12 (expected 4) ✗ conf:0.000 finger:True
4 -> 5 = 11 (expected 6) ✗ conf:0.000 finger:True
1 + 2 = 3 (expected 3) ✓ conf:0.001 finger:True
2 + 2 = 4 (expected 4) ✓ conf:0.000 finger:True
3 + 4 = 7 (expected 7) ✓ conf:0.000 finger:True
4 + 5 = 9 (expected 9) ✓ conf:0.000 finger:True
5 + 5 = 10 (expected 10) ✓ conf:0.000 finger:True

Step  1000: TF=0.100 CF=2.4 CX=4.3 W=1.00 Loss=3.761577 LR=0.004540 CC=0.817 (0.2s)
Step  2000: TF=0.200 CF=2.8 CX=2.8 W=1.00 Loss=0.483287 LR=0.004108 CC=0.750 (0.3s)
Step  3000: TF=0.300 CF=3.2 CX=4.0 W=1.00 Loss=0.549131 LR=0.003717 CC=0.750 (0.5s)
Step  4000: TF=0.400 CF=3.6 CX=3.9 W=1.00 Loss=0.498301 LR=0.003363 CC=0.750 (0.6s)
Step  5000: TF=0.500 CF=4.0 CX=3.5 W=1.00 Loss=0.546206 LR=0.003043 CC=0.750 (0.8s)
Step  6000: TF=0.600 CF=4.4 CX=3.7 W=1.00 Loss=0.667440 LR=0.002753 CC=0.750 (0.9s)
Step  7000: TF=0.700 CF=4.8 CX=5.5 W=1.00 Loss=0.567290 LR=0.002491 CC=0.750 (1.1s)
Step  8000: TF=0.800 CF=5.2 CX=3.4 W=1.00 Loss=0.154392 LR=0.002254 CC=0.750 (1.3s)
Step  9000: TF=0.900 CF=5.6 CX=4.6 W=1.00 Loss=0.738240 LR=0.002040 CC=0.750 (1.4s)
Step 10000: TF=1.000 CF=6.0 CX=7.3 W=1.00 Loss=0.156092 LR=0.002000 CC=0.750 (1.6s)
[ckpt] saved: results/20250808210832_step10000.npz
Step 11000: TF=1.000 CF=6.0 CX=6.9 W=1.00 Loss=0.211678 LR=0.002000 CC=0.750 (1.8s)
Step 12000: TF=1.000 CF=6.0 CX=4.9 W=1.00 Loss=0.559878 LR=0.002000 CC=0.750 (1.9s)
Step 13000: TF=1.000 CF=6.0 CX=6.0 W=0.90 Loss=0.152302 LR=0.002000 CC=0.750 (2.1s)
Step 14000: TF=1.000 CF=6.0 CX=3.9 W=0.80 Loss=0.226125 LR=0.002000 CC=0.750 (2.3s)
Step 15000: TF=1.000 CF=6.0 CX=7.0 W=0.70 Loss=0.185696 LR=0.002000 CC=0.750 (2.6s)
Step 16000: TF=1.000 CF=6.0 CX=6.3 W=0.60 Loss=0.177186 LR=0.002000 CC=0.750 (2.9s)
Step 17000: TF=1.000 CF=6.0 CX=6.6 W=0.50 Loss=0.177120 LR=0.002000 CC=0.750 (3.2s)
Step 18000: TF=1.000 CF=10.0 CX=9.3 W=0.32 Loss=1.730397 LR=0.002000 CC=0.750 (3.6s)
Step 19000: TF=1.000 CF=10.0 CX=9.7 W=0.37 Loss=1.041742 LR=0.002000 CC=0.750 (4.2s)
Step 20000: TF=1.000 CF=6.0 CX=5.2 W=0.20 Loss=0.284084 LR=0.002000 CC=0.750 (4.7s)
[ckpt] saved: results/20250808210832_step20000.npz
Step 21000: TF=1.000 CF=6.0 CX=5.3 W=0.20 Loss=0.092045 LR=0.002000 CC=0.750 (5.4s)
Step 22000: TF=1.000 CF=10.0 CX=10.3 W=0.53 Loss=0.041127 LR=0.002000 CC=0.750 (6.0s)
Step 23000: TF=1.000 CF=10.0 CX=11.5 W=0.58 Loss=0.040412 LR=0.002000 CC=0.750 (6.6s)
Step 24000: TF=1.000 CF=10.0 CX=9.6 W=0.63 Loss=0.152138 LR=0.002000 CC=0.750 (7.2s)
Step 25000: TF=1.000 CF=6.0 CX=4.2 W=0.20 Loss=0.179613 LR=0.002000 CC=0.750 (7.7s)
Step 26000: TF=1.000 CF=6.0 CX=7.0 W=0.20 Loss=0.014285 LR=0.002000 CC=0.750 (8.2s)
Step 27000: TF=1.000 CF=10.0 CX=10.0 W=0.79 Loss=0.022560 LR=0.002000 CC=0.750 (8.5s)
Step 28000: TF=1.000 CF=10.0 CX=11.8 W=0.84 Loss=4.032623 LR=0.002000 CC=0.750 (8.8s)
Step 29000: TF=1.000 CF=6.0 CX=4.1 W=0.20 Loss=0.014462 LR=0.002000 CC=0.750 (9.2s)
Step 30000: TF=1.000 CF=10.0 CX=9.2 W=0.95 Loss=0.071445 LR=0.002000 CC=0.750 (9.5s)
[ckpt] saved: results/20250808210832_step30000.npz
Step 31000: TF=1.000 CF=10.0 CX=10.0 W=1.00 Loss=0.068156 LR=0.002000 CC=0.750 (9.9s)
Step 32000: TF=1.000 CF=10.0 CX=9.8 W=1.00 Loss=0.069120 LR=0.002000 CC=0.750 (10.3s)
Step 33000: TF=1.000 CF=10.0 CX=11.0 W=1.00 Loss=0.015007 LR=0.002000 CC=0.750 (10.6s)
Step 34000: TF=1.000 CF=10.0 CX=10.9 W=1.00 Loss=0.012795 LR=0.002000 CC=0.750 (11.0s)
Step 35000: TF=1.000 CF=10.0 CX=8.9 W=1.00 Loss=0.349947 LR=0.002000 CC=0.750 (11.3s)
Step 36000: TF=1.000 CF=10.0 CX=8.7 W=1.00 Loss=0.058755 LR=0.002000 CC=0.750 (11.7s)
Step 37000: TF=1.000 CF=10.0 CX=10.6 W=1.00 Loss=0.011253 LR=0.002000 CC=0.750 (12.0s)
Step 38000: TF=1.000 CF=10.0 CX=8.6 W=1.00 Loss=0.065177 LR=0.002000 CC=0.750 (12.4s)
Step 39000: TF=1.000 CF=10.0 CX=9.8 W=1.00 Loss=0.050461 LR=0.002000 CC=0.750 (12.7s)
Step 40000: TF=1.000 CF=10.0 CX=9.5 W=1.00 Loss=0.045512 LR=0.002000 CC=0.750 (13.1s)
[ckpt] saved: results/20250808210832_step40000.npz
Step 41000: TF=1.000 CF=6.0 CX=6.9 W=0.20 Loss=0.032058 LR=0.002000 CC=0.750 (13.4s)
Step 42000: TF=1.000 CF=10.0 CX=9.1 W=1.00 Loss=0.045452 LR=0.002000 CC=0.750 (13.7s)
Step 43000: TF=1.000 CF=10.0 CX=9.2 W=1.00 Loss=0.041583 LR=0.002000 CC=0.750 (14.1s)
Step 44000: TF=1.000 CF=10.0 CX=10.3 W=1.00 Loss=0.007538 LR=0.002000 CC=0.750 (14.4s)
Step 45000: TF=1.000 CF=10.0 CX=10.2 W=1.00 Loss=0.007440 LR=0.002000 CC=0.750 (14.7s)
Step 46000: TF=1.000 CF=6.0 CX=7.2 W=0.20 Loss=0.007768 LR=0.002000 CC=0.750 (15.0s)
Step 47000: TF=1.000 CF=10.0 CX=10.5 W=1.00 Loss=0.007081 LR=0.002000 CC=0.750 (15.4s)
Step 48000: TF=1.000 CF=10.0 CX=9.5 W=1.00 Loss=0.037583 LR=0.002000 CC=0.750 (15.7s)
Step 49000: TF=1.000 CF=10.0 CX=9.7 W=1.00 Loss=0.045735 LR=0.002000 CC=0.750 (16.1s)
Step 50000: TF=1.000 CF=6.0 CX=6.1 W=0.20 Loss=0.003097 LR=0.002000 CC=0.750 (16.4s)
[ckpt] saved: results/20250808210832_step50000.npz

=== FINAL COMPREHENSIVE TESTING ===
Counting tests:
1 -> ? = 2 (expected 2) ✓ conf:0.969
2 -> ? = 3 (expected 3) ✓ conf:0.982
3 -> ? = 4 (expected 4) ✓ conf:0.978
4 -> ? = 5 (expected 5) ✓ conf:0.978
5 -> ? = 6 (expected 6) ✓ conf:0.989

All addition combinations (with finger counting):
     1    2    3    4    5
1: 2✓F  3✓   4✓F  5✓F  6✓F 
2: 3✓   3✗   5✓F  6✓F  7✓F 
3: 4✓F  5✓F  4✗   7✓F  8✓F 
4: 5✓F  6✓F  7✓F  5✗   9✓  
5: 6✓F  7✓F  8✓F  9✓   6✗  

Legend: [predicted][✓/✗][F=finger counting used]

=== FINGER COUNTING STATS ===
Total finger sub-steps: 37160

