=== Small Math Model (Content-Gated) ===
Network: 12 -> 64 -> 12
Training steps: 15000   LR: 0.005
Gate freeze until: 3000   Confidence start: 0.9 (floor 0.75)

--- Testing Model ---
1 -> ? = 11 (expected 2) ✗ conf:0.000 finger:True
3 -> ? = 11 (expected 4) ✗ conf:0.000 finger:True
5 -> ? = 11 (expected 6) ✗ conf:0.000 finger:True
2 -> 3 = 12 (expected 4) ✗ conf:0.000 finger:True
4 -> 5 = 11 (expected 6) ✗ conf:0.000 finger:True
1 + 2 = 3 (expected 3) ✓ conf:0.001 finger:True
2 + 2 = 4 (expected 4) ✓ conf:0.000 finger:True
3 + 4 = 7 (expected 7) ✓ conf:0.000 finger:True
4 + 5 = 9 (expected 9) ✓ conf:0.000 finger:True
5 + 5 = 10 (expected 10) ✓ conf:0.000 finger:True

Step  1000: TF=0.100 CF=2.4 CX=2.9 W=1.00 Loss=0.537598 LR=0.004540 CC=0.817 (0.1s)
Step  2000: TF=0.200 CF=2.8 CX=3.0 W=1.00 Loss=0.478116 LR=0.004108 CC=0.750 (0.3s)
Step  3000: TF=0.300 CF=3.2 CX=2.0 W=1.00 Loss=0.490928 LR=0.003717 CC=0.750 (0.5s)
Step  4000: TF=0.400 CF=3.6 CX=3.7 W=1.00 Loss=0.537616 LR=0.003363 CC=0.750 (0.6s)
Step  5000: TF=0.500 CF=4.0 CX=5.2 W=1.00 Loss=4.047989 LR=0.003043 CC=0.750 (0.8s)
Step  6000: TF=0.600 CF=4.4 CX=4.3 W=1.00 Loss=0.225064 LR=0.002753 CC=0.750 (1.0s)
Step  7000: TF=0.700 CF=4.8 CX=3.5 W=1.00 Loss=0.194618 LR=0.002491 CC=0.750 (1.2s)
Step  8000: TF=0.800 CF=5.2 CX=4.8 W=1.00 Loss=0.165281 LR=0.002254 CC=0.750 (1.3s)
Step  9000: TF=0.900 CF=5.6 CX=5.0 W=0.90 Loss=0.570078 LR=0.002040 CC=0.750 (1.7s)
Step 10000: TF=1.000 CF=10.0 CX=10.8 W=0.57 Loss=2.610451 LR=0.002000 CC=0.750 (2.3s)
[ckpt] saved: results/20250808204853_step10000.npz
Step 11000: TF=1.000 CF=10.0 CX=10.2 W=0.86 Loss=1.028221 LR=0.002000 CC=0.750 (3.2s)
Step 12000: TF=1.000 CF=10.0 CX=9.2 W=1.00 Loss=1.488510 LR=0.002000 CC=0.750 (4.3s)
Step 13000: TF=1.000 CF=10.0 CX=9.8 W=1.00 Loss=0.995367 LR=0.002000 CC=0.750 (5.4s)
Step 14000: TF=1.000 CF=10.0 CX=10.8 W=1.00 Loss=0.217080 LR=0.002000 CC=0.750 (6.7s)
Step 15000: TF=1.000 CF=10.0 CX=10.2 W=1.00 Loss=0.146550 LR=0.002000 CC=0.750 (7.7s)

=== FINAL COMPREHENSIVE TESTING ===
Counting tests:
1 -> ? = 2 (expected 2) ✓ conf:0.968
2 -> ? = 3 (expected 3) ✓ conf:0.974
3 -> ? = 4 (expected 4) ✓ conf:0.968
4 -> ? = 5 (expected 5) ✓ conf:0.936
5 -> ? = 6 (expected 6) ✓ conf:0.582

All addition combinations (with finger counting):
     1    2    3    4    5
1: 2✓   3✓F  4✓F  5✓F  6✓F 
2: 3✓   3✗   5✓F  6✓F  7✓F 
3: 4✓F  5✓F  4✗   7✓F  8✓F 
4: 5✓F  6✓F  7✓F  8✓F  9✓F 
5: 6✓F  7✓F  8✓F  9✓F  10✓ 

Legend: [predicted][✓/✗][F=finger counting used]

=== FINGER COUNTING STATS ===
Total finger sub-steps: 27158

