=== Small Math Model (Content-Gated) ===
Network: 12 -> 64 -> 12
Training steps: 15000   LR: 0.005
Gate freeze until: 3000   Confidence start: 0.9 (floor 0.75)

--- Testing Model ---
1 -> ? = 11 (expected 2) ✗ conf:0.000 finger:True
3 -> ? = 11 (expected 4) ✗ conf:0.000 finger:True
5 -> ? = 11 (expected 6) ✗ conf:0.000 finger:True
2 -> 3 = 12 (expected 4) ✗ conf:0.000 finger:True
4 -> 5 = 11 (expected 6) ✗ conf:0.000 finger:True
1 + 2 = 3 (expected 3) ✓ conf:0.001 finger:True
2 + 2 = 4 (expected 4) ✓ conf:0.000 finger:True
3 + 4 = 7 (expected 7) ✓ conf:0.000 finger:True
4 + 5 = 9 (expected 9) ✓ conf:0.000 finger:True
5 + 5 = 10 (expected 10) ✓ conf:0.000 finger:True

Step  1000: TF=0.100 CF=2.4 CX=2.0 W=1.00 Loss=0.460950 LR=0.004540 CC=0.817 (0.1s)
Step  2000: TF=0.200 CF=2.8 CX=2.9 W=1.00 Loss=0.450664 LR=0.004108 CC=0.750 (0.3s)
Step  3000: TF=0.300 CF=3.2 CX=3.1 W=1.00 Loss=0.395129 LR=0.003717 CC=0.750 (0.5s)
Step  4000: TF=0.400 CF=3.6 CX=4.1 W=1.00 Loss=2.470350 LR=0.003363 CC=0.750 (0.6s)
Step  5000: TF=0.500 CF=4.0 CX=4.4 W=1.00 Loss=0.558680 LR=0.003043 CC=0.750 (0.8s)
Step  6000: TF=0.600 CF=4.4 CX=4.1 W=1.00 Loss=0.296241 LR=0.002753 CC=0.750 (0.9s)
Step  7000: TF=0.700 CF=4.8 CX=3.7 W=1.00 Loss=0.195943 LR=0.002491 CC=0.750 (1.1s)
Step  8000: TF=0.800 CF=5.2 CX=7.4 W=1.00 Loss=0.317985 LR=0.002254 CC=0.750 (1.2s)
Step  9000: TF=0.900 CF=9.2 CX=8.6 W=0.29 Loss=4.531629 LR=0.002040 CC=0.750 (1.6s)
Step 10000: TF=1.000 CF=10.0 CX=9.5 W=0.57 Loss=2.542177 LR=0.002000 CC=0.750 (2.4s)
[ckpt] saved: results/20250808210004_step10000.npz
Step 11000: TF=1.000 CF=6.0 CX=6.2 W=0.70 Loss=1.163080 LR=0.002000 CC=0.750 (3.3s)
Step 12000: TF=1.000 CF=6.0 CX=6.2 W=0.60 Loss=0.955392 LR=0.002000 CC=0.750 (4.3s)
Step 13000: TF=1.000 CF=10.0 CX=9.9 W=1.00 Loss=0.289328 LR=0.002000 CC=0.750 (5.5s)
Step 14000: TF=1.000 CF=10.0 CX=10.8 W=1.00 Loss=0.202855 LR=0.002000 CC=0.750 (6.7s)
Step 15000: TF=1.000 CF=6.0 CX=8.2 W=0.30 Loss=0.223447 LR=0.002000 CC=0.750 (7.6s)

=== FINAL COMPREHENSIVE TESTING ===
Counting tests:
1 -> ? = 2 (expected 2) ✓ conf:0.959
2 -> ? = 3 (expected 3) ✓ conf:0.972
3 -> ? = 4 (expected 4) ✓ conf:0.965
4 -> ? = 5 (expected 5) ✓ conf:0.939
5 -> ? = 6 (expected 6) ✓ conf:0.535

All addition combinations (with finger counting):
     1    2    3    4    5
1: 2✓   3✓F  4✓F  5✓F  6✓F 
2: 3✓   3✗   5✓F  6✓F  7✓F 
3: 4✓F  5✓F  4✗   7✓F  8✓F 
4: 5✓F  6✓F  7✓F  8✓F  9✓F 
5: 6✓F  7✓F  8✓F  9✓F  10✓ 

Legend: [predicted][✓/✗][F=finger counting used]

=== FINGER COUNTING STATS ===
Total finger sub-steps: 26704

