=== GAUSSIAN CURRICULUM CONFIGURATION (CONTINUOUS) ===
Time Flow (TF):
  TF rate: 0.0001 (curriculum speed per step)

Complexity Flow (CF):
  CF variance: 1.5 (complexity spread)
  Counting complexity range: 2.0 -> 12.0
  Addition complexity range: 2.0 -> 10.0

Complexity (CX):
  CX variance: 0.8 (problem variation)

Training schedule:
  Total steps: 50000
  Counting focus steps: 6000
  Addition starts at step: 3000
  Counting fade rate: 0.0002

=== Small Math Model (Continuous Learning) ===
Network: 12 -> 64 -> 12
Training steps: 50000
Initial learning rate: 0.02
Initial confidence criterion: 0.9

Generated problem sets:
  Counting problems: 15
  Addition problems: 25

Complexity ranges:
  Counting: 2 to 12
  Addition: 2 to 10

=== TESTING BEFORE TRAINING ===

--- Testing Model ---
1 -> ? = 7 (expected 2) ✗ conf:0.000 finger:True
3 -> ? = 10 (expected 4) ✗ conf:0.000 finger:True
5 -> ? = 1 (expected 6) ✗ conf:0.000 finger:True
2 -> 3 = 11 (expected 4) ✗ conf:0.000 finger:True
4 -> 5 = 9 (expected 6) ✗ conf:0.000 finger:True
1 + 2 = 9 (expected 3) ✗ conf:0.000 finger:True
2 + 2 = 1 (expected 4) ✗ conf:0.000 finger:True
3 + 4 = 10 (expected 7) ✗ conf:0.000 finger:True
4 + 5 = 9 (expected 9) ✓ conf:0.000 finger:True
5 + 5 = 9 (expected 10) ✗ conf:0.000 finger:True

=== CONTINUOUS CURRICULUM TRAINING (50000 steps) ===
Learning one problem at a time...

Step  1000: TF=0.100 CF=3.0 CX=2.0 W=1.00 Loss=0.110185 LR=0.018097 CC=0.814 (0.2s)
Step  2000: TF=0.200 CF=4.0 CX=4.5 W=1.00 Loss=0.597747 LR=0.016374 CC=0.737 (0.4s)
Step  3000: TF=0.300 CF=5.0 CX=5.0 W=1.00 Loss=0.031285 LR=0.014816 CC=0.667 (0.6s)
Step  4000: TF=0.400 CF=6.0 CX=5.6 W=0.80 Loss=0.140765 LR=0.013406 CC=0.603 (0.9s)
Step  5000: TF=0.500 CF=7.0 CX=7.6 W=0.60 Loss=1.181310 LR=0.012130 CC=0.600 (1.1s)
Step  6000: TF=0.600 CF=8.0 CX=7.2 W=0.40 Loss=1.247587 LR=0.010976 CC=0.600 (1.3s)
Step  7000: TF=0.700 CF=7.6 CX=6.7 W=0.17 Loss=0.693757 LR=0.009931 CC=0.600 (1.5s)
Step  8000: TF=0.800 CF=8.4 CX=10.0 W=0.21 Loss=0.542770 LR=0.008986 CC=0.600 (1.7s)
Step  9000: TF=0.900 CF=9.2 CX=8.5 W=0.26 Loss=0.253585 LR=0.008131 CC=0.600 (1.9s)
Step 10000: TF=1.000 CF=12.0 CX=11.4 W=0.20 Loss=0.876933 LR=0.007357 CC=0.600 (2.1s)
Step 11000: TF=1.000 CF=10.0 CX=8.8 W=0.34 Loss=0.086760 LR=0.006657 CC=0.600 (2.3s)
Step 12000: TF=1.000 CF=10.0 CX=9.9 W=0.38 Loss=0.079833 LR=0.006024 CC=0.600 (2.6s)
Step 13000: TF=1.000 CF=10.0 CX=10.4 W=0.43 Loss=0.024622 LR=0.005450 CC=0.600 (2.8s)
Step 14000: TF=1.000 CF=10.0 CX=10.1 W=0.47 Loss=0.026576 LR=0.004932 CC=0.600 (3.0s)
Step 15000: TF=1.000 CF=10.0 CX=10.9 W=0.51 Loss=0.015219 LR=0.004462 CC=0.600 (3.2s)
Step 16000: TF=1.000 CF=12.0 CX=12.0 W=0.20 Loss=0.640449 LR=0.004038 CC=0.600 (3.4s)
Step 17000: TF=1.000 CF=12.0 CX=12.0 W=0.20 Loss=0.810005 LR=0.003653 CC=0.600 (3.6s)
Step 18000: TF=1.000 CF=10.0 CX=9.5 W=0.64 Loss=0.009100 LR=0.003306 CC=0.600 (3.8s)
Step 19000: TF=1.000 CF=10.0 CX=10.4 W=0.68 Loss=0.009123 LR=0.002991 CC=0.600 (4.1s)
Step 20000: TF=1.000 CF=10.0 CX=8.4 W=0.72 Loss=0.135719 LR=0.002706 CC=0.600 (4.3s)
Step 21000: TF=1.000 CF=12.0 CX=12.0 W=0.20 Loss=0.621866 LR=0.002449 CC=0.600 (4.5s)
Step 22000: TF=1.000 CF=10.0 CX=8.8 W=0.81 Loss=0.019682 LR=0.002216 CC=0.600 (4.7s)
Step 23000: TF=1.000 CF=12.0 CX=10.8 W=0.20 Loss=3.135868 LR=0.002005 CC=0.600 (4.9s)
Step 24000: TF=1.000 CF=10.0 CX=8.8 W=0.89 Loss=0.020951 LR=0.001814 CC=0.600 (5.1s)
Step 25000: TF=1.000 CF=10.0 CX=10.0 W=0.94 Loss=0.008171 LR=0.001641 CC=0.600 (5.3s)
Step 26000: TF=1.000 CF=12.0 CX=12.0 W=0.20 Loss=0.855402 LR=0.001485 CC=0.600 (5.5s)
Step 27000: TF=1.000 CF=10.0 CX=8.3 W=1.00 Loss=0.151026 LR=0.001344 CC=0.600 (5.7s)
Step 28000: TF=1.000 CF=10.0 CX=10.0 W=1.00 Loss=0.007891 LR=0.001216 CC=0.600 (5.9s)
Step 29000: TF=1.000 CF=10.0 CX=9.0 W=1.00 Loss=0.158864 LR=0.001100 CC=0.600 (6.2s)
Step 30000: TF=1.000 CF=10.0 CX=9.6 W=1.00 Loss=0.018539 LR=0.001000 CC=0.600 (6.4s)
Step 31000: TF=1.000 CF=10.0 CX=9.2 W=1.00 Loss=0.017396 LR=0.001000 CC=0.600 (6.6s)
Step 32000: TF=1.000 CF=10.0 CX=9.8 W=1.00 Loss=0.007408 LR=0.001000 CC=0.600 (6.8s)
Step 33000: TF=1.000 CF=10.0 CX=10.8 W=1.00 Loss=0.006973 LR=0.001000 CC=0.600 (7.0s)
Step 34000: TF=1.000 CF=10.0 CX=9.8 W=1.00 Loss=0.006712 LR=0.001000 CC=0.600 (7.2s)
Step 35000: TF=1.000 CF=12.0 CX=12.0 W=0.20 Loss=0.759758 LR=0.001000 CC=0.600 (7.4s)
Step 36000: TF=1.000 CF=10.0 CX=10.9 W=1.00 Loss=0.006314 LR=0.001000 CC=0.600 (7.6s)
Step 37000: TF=1.000 CF=10.0 CX=10.2 W=1.00 Loss=0.006212 LR=0.001000 CC=0.600 (7.8s)
Step 38000: TF=1.000 CF=10.0 CX=10.5 W=1.00 Loss=0.006170 LR=0.001000 CC=0.600 (8.0s)
Step 39000: TF=1.000 CF=10.0 CX=9.5 W=1.00 Loss=0.005817 LR=0.001000 CC=0.600 (8.3s)
Step 40000: TF=1.000 CF=10.0 CX=9.7 W=1.00 Loss=0.015663 LR=0.001000 CC=0.600 (8.5s)
Step 41000: TF=1.000 CF=10.0 CX=9.1 W=1.00 Loss=0.015586 LR=0.001000 CC=0.600 (8.7s)
Step 42000: TF=1.000 CF=10.0 CX=11.0 W=1.00 Loss=0.015471 LR=0.001000 CC=0.600 (8.9s)
Step 43000: TF=1.000 CF=10.0 CX=9.8 W=1.00 Loss=0.015092 LR=0.001000 CC=0.600 (9.1s)
Step 44000: TF=1.000 CF=10.0 CX=10.0 W=1.00 Loss=0.006264 LR=0.001000 CC=0.600 (9.3s)
Step 45000: TF=1.000 CF=12.0 CX=11.9 W=0.20 Loss=0.845350 LR=0.001000 CC=0.600 (9.5s)
Step 46000: TF=1.000 CF=12.0 CX=12.0 W=0.20 Loss=0.903191 LR=0.001000 CC=0.600 (9.7s)
Step 47000: TF=1.000 CF=10.0 CX=9.6 W=1.00 Loss=0.005636 LR=0.001000 CC=0.600 (10.0s)
Step 48000: TF=1.000 CF=12.0 CX=12.0 W=0.20 Loss=0.855914 LR=0.001000 CC=0.600 (10.2s)
Step 49000: TF=1.000 CF=10.0 CX=8.7 W=1.00 Loss=0.097242 LR=0.001000 CC=0.600 (10.4s)
Step 50000: TF=1.000 CF=10.0 CX=11.5 W=1.00 Loss=0.781540 LR=0.001000 CC=0.600 (10.7s)

=== FINAL COMPREHENSIVE TESTING ===
Counting tests:
1 -> ? = 2 (expected 2) ✓ conf:0.377
2 -> ? = 4 (expected 3) ✗ conf:0.421
3 -> ? = 4 (expected 4) ✓ conf:0.667
4 -> ? = 5 (expected 5) ✓ conf:0.753
5 -> ? = 11 (expected 6) ✗ conf:0.626

All addition combinations (complexity analysis):
     1    2    3    4    5
1: 2✓F  3✓   4✓F  5✓F  6✓F 
2: 3✓F  3✗F  4✗F  6✓F  7✓F 
3: 4✓F  5✓F  7✗F  7✓F  8✓  
4: 5✓F  6✓F  7✓F  8✓   9✓  
5: 6✓F  7✓F  8✓   9✓   10✓ 

Legend: [predicted][✓/✗][F=finger counting needed]

Performance by complexity:
  Complexity  2: 1/1 correct (100.0%), 1 finger counting (100.0%)
  Complexity  3: 2/2 correct (100.0%), 1 finger counting ( 50.0%)
  Complexity  4: 2/3 correct ( 66.7%), 3 finger counting (100.0%)
  Complexity  5: 3/4 correct ( 75.0%), 4 finger counting (100.0%)
  Complexity  6: 4/5 correct ( 80.0%), 5 finger counting (100.0%)
  Complexity  7: 4/4 correct (100.0%), 4 finger counting (100.0%)
  Complexity  8: 3/3 correct (100.0%), 0 finger counting (  0.0%)
  Complexity  9: 2/2 correct (100.0%), 0 finger counting (  0.0%)
  Complexity 10: 1/1 correct (100.0%), 0 finger counting (  0.0%)

Counting vs Addition conflict analysis:
  2 -> ? = 4 (expected 3) conf:0.421
  2 + 2 = 3 (expected 4) conf:0.461
    Conflict resolved: False (counting: False, addition: False)

  3 -> ? = 4 (expected 4) conf:0.667
  3 + 3 = 7 (expected 6) conf:0.366
    Conflict resolved: False (counting: True, addition: False)

  4 -> ? = 5 (expected 5) conf:0.753
  4 + 4 = 8 (expected 8) conf:0.828
    Conflict resolved: True (counting: True, addition: True)

