=== GAUSSIAN CURRICULUM CONFIGURATION (CONTINUOUS) ===
Time Flow (TF):
  TF rate: 0.0001 (curriculum speed per step)

Complexity Flow (CF):
  CF variance: 1.5 (complexity spread)
  Counting complexity range: 2.0 -> 12.0
  Addition complexity range: 2.0 -> 10.0

Complexity (CX):
  CX variance: 0.8 (problem variation)

Training schedule:
  Total steps: 50000
  Counting focus steps: 6000
  Addition starts at step: 3000
  Counting fade rate: 0.0002
  Counting minimum weight: 0.2 (20%)

=== Small Math Model (Continuous Learning with Finger Counting) ===
Network: 12 -> 64 -> 12
Training steps: 50000
Initial learning rate: 0.02
Initial confidence criterion: 0.9
Three-phase finger counting: Phase1(setup) -> Phase2(add) -> Phase3(verify)

Generated problem sets:
  Counting problems: 15
  Addition problems: 25

Complexity ranges:
  Counting: 2 to 12
  Addition: 2 to 10

=== TESTING BEFORE TRAINING ===

--- Testing Model ---
1 -> ? = 2 (expected 2) ✓ conf:0.000 finger:True
3 -> ? = 2 (expected 4) ✗ conf:0.000 finger:True
5 -> ? = 1 (expected 6) ✗ conf:0.000 finger:True
2 -> 3 = 2 (expected 4) ✗ conf:0.001 finger:True
4 -> 5 = 10 (expected 6) ✗ conf:0.000 finger:True
1 + 2 = 3 (expected 3) ✓ conf:0.000 finger:True
2 + 2 = 4 (expected 4) ✓ conf:0.000 finger:True
3 + 4 = 7 (expected 7) ✓ conf:0.001 finger:True
4 + 5 = 9 (expected 9) ✓ conf:0.001 finger:True
5 + 5 = 10 (expected 10) ✓ conf:0.002 finger:True

=== CONTINUOUS CURRICULUM TRAINING WITH FINGER COUNTING (50000 steps) ===
Learning one problem at a time with recursive finger counting...

Step  1000: TF=0.100 CF=3.0 CX=3.2 W=1.00 Loss=0.285332 LR=0.018097 CC=0.814 (0.2s)
Step  2000: TF=0.200 CF=4.0 CX=4.7 W=1.00 Loss=0.132705 LR=0.016374 CC=0.737 (0.3s)
Step  3000: TF=0.300 CF=5.0 CX=4.6 W=1.00 Loss=0.053884 LR=0.014816 CC=0.667 (0.5s)
Step  4000: TF=0.400 CF=6.0 CX=6.3 W=0.80 Loss=0.542096 LR=0.013406 CC=0.603 (0.7s)
Step  5000: TF=0.500 CF=7.0 CX=7.3 W=0.60 Loss=0.741791 LR=0.012130 CC=0.600 (0.9s)
Step  6000: TF=0.600 CF=6.8 CX=7.1 W=0.13 Loss=0.002489 LR=0.010976 CC=0.600 (1.1s)
Step  7000: TF=0.700 CF=9.0 CX=8.5 W=0.20 Loss=1.234903 LR=0.009931 CC=0.600 (1.5s)
Step  8000: TF=0.800 CF=10.0 CX=9.4 W=0.20 Loss=1.414127 LR=0.008986 CC=0.600 (2.0s)
Step  9000: TF=0.900 CF=9.2 CX=9.4 W=0.26 Loss=0.109451 LR=0.008131 CC=0.600 (2.3s)
Step 10000: TF=1.000 CF=10.0 CX=8.6 W=0.30 Loss=0.243851 LR=0.007357 CC=0.600 (2.5s)
Step 11000: TF=1.000 CF=10.0 CX=10.5 W=0.34 Loss=0.030415 LR=0.006657 CC=0.600 (2.8s)
Step 12000: TF=1.000 CF=10.0 CX=10.9 W=0.38 Loss=0.015610 LR=0.006024 CC=0.600 (3.0s)
Step 13000: TF=1.000 CF=10.0 CX=10.2 W=0.43 Loss=0.010518 LR=0.005450 CC=0.600 (3.2s)
Step 14000: TF=1.000 CF=10.0 CX=10.9 W=0.47 Loss=0.014979 LR=0.004932 CC=0.600 (3.4s)
Step 15000: TF=1.000 CF=10.0 CX=9.7 W=0.51 Loss=0.010338 LR=0.004462 CC=0.600 (3.7s)
Step 16000: TF=1.000 CF=10.0 CX=9.9 W=0.55 Loss=0.009802 LR=0.004038 CC=0.600 (3.9s)
Step 17000: TF=1.000 CF=12.0 CX=12.0 W=0.20 Loss=0.632157 LR=0.003653 CC=0.600 (4.1s)
Step 18000: TF=1.000 CF=10.0 CX=10.2 W=0.64 Loss=0.008449 LR=0.003306 CC=0.600 (4.4s)
Step 19000: TF=1.000 CF=12.0 CX=12.0 W=0.20 Loss=0.520355 LR=0.002991 CC=0.600 (4.6s)
Step 20000: TF=1.000 CF=10.0 CX=9.5 W=0.72 Loss=0.007609 LR=0.002706 CC=0.600 (4.9s)
Step 21000: TF=1.000 CF=10.0 CX=9.8 W=0.77 Loss=0.015589 LR=0.002449 CC=0.600 (5.1s)
Step 22000: TF=1.000 CF=10.0 CX=10.0 W=0.81 Loss=0.006941 LR=0.002216 CC=0.600 (5.3s)
Step 23000: TF=1.000 CF=10.0 CX=11.7 W=0.85 Loss=0.025390 LR=0.002005 CC=0.600 (5.6s)
Step 24000: TF=1.000 CF=10.0 CX=10.3 W=0.89 Loss=0.005879 LR=0.001814 CC=0.600 (5.8s)
Step 25000: TF=1.000 CF=10.0 CX=11.3 W=0.94 Loss=0.000009 LR=0.001641 CC=0.600 (6.1s)
Step 26000: TF=1.000 CF=10.0 CX=9.9 W=0.98 Loss=0.012453 LR=0.001485 CC=0.600 (6.3s)
Step 27000: TF=1.000 CF=10.0 CX=9.8 W=1.00 Loss=0.012093 LR=0.001344 CC=0.600 (6.5s)
Step 28000: TF=1.000 CF=12.0 CX=10.8 W=0.20 Loss=0.749626 LR=0.001216 CC=0.600 (6.7s)
Step 29000: TF=1.000 CF=10.0 CX=11.1 W=1.00 Loss=0.013813 LR=0.001100 CC=0.600 (7.0s)
Step 30000: TF=1.000 CF=10.0 CX=9.0 W=1.00 Loss=0.053995 LR=0.001000 CC=0.600 (7.2s)
Step 31000: TF=1.000 CF=12.0 CX=11.9 W=0.20 Loss=0.735818 LR=0.001000 CC=0.600 (7.5s)
Step 32000: TF=1.000 CF=10.0 CX=7.7 W=1.00 Loss=0.005032 LR=0.001000 CC=0.600 (7.7s)
Step 33000: TF=1.000 CF=10.0 CX=9.1 W=1.00 Loss=0.010815 LR=0.001000 CC=0.600 (7.9s)
Step 34000: TF=1.000 CF=10.0 CX=9.7 W=1.00 Loss=0.005169 LR=0.001000 CC=0.600 (8.2s)
Step 35000: TF=1.000 CF=12.0 CX=12.0 W=0.20 Loss=0.594285 LR=0.001000 CC=0.600 (8.4s)
Step 36000: TF=1.000 CF=10.0 CX=10.2 W=1.00 Loss=0.005602 LR=0.001000 CC=0.600 (8.7s)
Step 37000: TF=1.000 CF=10.0 CX=10.3 W=1.00 Loss=0.005447 LR=0.001000 CC=0.600 (8.9s)
Step 38000: TF=1.000 CF=10.0 CX=9.3 W=1.00 Loss=0.004747 LR=0.001000 CC=0.600 (9.2s)
Step 39000: TF=1.000 CF=10.0 CX=9.4 W=1.00 Loss=0.009761 LR=0.001000 CC=0.600 (9.4s)
Step 40000: TF=1.000 CF=10.0 CX=8.8 W=1.00 Loss=0.010332 LR=0.001000 CC=0.600 (9.6s)
Step 41000: TF=1.000 CF=10.0 CX=9.6 W=1.00 Loss=0.009652 LR=0.001000 CC=0.600 (9.9s)
Step 42000: TF=1.000 CF=10.0 CX=9.4 W=1.00 Loss=0.009454 LR=0.001000 CC=0.600 (10.1s)
Step 43000: TF=1.000 CF=10.0 CX=11.1 W=1.00 Loss=0.004283 LR=0.001000 CC=0.600 (10.3s)
Step 44000: TF=1.000 CF=10.0 CX=9.4 W=1.00 Loss=0.009053 LR=0.001000 CC=0.600 (10.5s)
Step 45000: TF=1.000 CF=12.0 CX=12.0 W=0.20 Loss=0.784416 LR=0.001000 CC=0.600 (10.8s)
Step 46000: TF=1.000 CF=10.0 CX=10.0 W=1.00 Loss=0.004348 LR=0.001000 CC=0.600 (11.0s)
Step 47000: TF=1.000 CF=10.0 CX=8.6 W=1.00 Loss=0.032509 LR=0.001000 CC=0.600 (11.2s)
Step 48000: TF=1.000 CF=10.0 CX=9.3 W=1.00 Loss=0.004326 LR=0.001000 CC=0.600 (11.4s)
Step 49000: TF=1.000 CF=10.0 CX=8.6 W=1.00 Loss=0.017507 LR=0.001000 CC=0.600 (11.7s)
Step 50000: TF=1.000 CF=10.0 CX=10.2 W=1.00 Loss=0.004247 LR=0.001000 CC=0.600 (11.9s)

=== FINAL COMPREHENSIVE TESTING ===
Counting tests:
1 -> ? = 2 (expected 2) ✓ conf:0.954
2 -> ? = 3 (expected 3) ✓ conf:0.989
3 -> ? = 4 (expected 4) ✓ conf:0.990
4 -> ? = 5 (expected 5) ✓ conf:0.991
5 -> ? = 11 (expected 6) ✗ conf:0.620

All addition combinations (with finger counting):
     1    2    3    4    5
1: 2✓   3✓   4✓   5✓   6✓  
2: 3✓   3✗   4✗   3✗   3✗  
3: 4✓   5✓   4✗   5✗   8✓  
4: 5✓   5✗   5✗   5✗   9✓  
5: 6✓F  3✗   8✓   9✓   10✓ 

Legend: [predicted][✓/✗][F=finger counting used]

Performance by complexity:
  Complexity  2: 1/1 correct (100.0%), 0 finger counting (  0.0%)
  Complexity  3: 2/2 correct (100.0%), 0 finger counting (  0.0%)
  Complexity  4: 2/3 correct ( 66.7%), 0 finger counting (  0.0%)
  Complexity  5: 3/4 correct ( 75.0%), 0 finger counting (  0.0%)
  Complexity  6: 2/5 correct ( 40.0%), 1 finger counting ( 20.0%)
  Complexity  7: 0/4 correct (  0.0%), 0 finger counting (  0.0%)
  Complexity  8: 2/3 correct ( 66.7%), 0 finger counting (  0.0%)
  Complexity  9: 2/2 correct (100.0%), 0 finger counting (  0.0%)
  Complexity 10: 1/1 correct (100.0%), 0 finger counting (  0.0%)

Counting vs Addition conflict analysis:
  2 -> ? = 3 (expected 3) conf:0.989
  2 + 2 = 3 (expected 4) conf:1.000 finger:False
    Conflict resolved: False (counting: True, addition: False)

  3 -> ? = 4 (expected 4) conf:0.990
  3 + 3 = 4 (expected 6) conf:0.958 finger:False
    Conflict resolved: False (counting: True, addition: False)

  4 -> ? = 5 (expected 5) conf:0.991
  4 + 4 = 5 (expected 8) conf:0.965 finger:False
    Conflict resolved: False (counting: True, addition: False)

=== FINGER COUNTING STATISTICS ===
Total finger counting sub-steps executed: 4782
Each addition problem with low confidence generated ~8 counting practice problems
This recursive training should prevent catastrophic forgetting of counting skills!

